<?xml version="1.0" encoding="UTF-8"?>
<testsuite name="com.example.demo.BulletinBoardApplicationTests" tests="1" skipped="0" failures="0" errors="0" timestamp="2026-01-26T13:52:24.886Z" hostname="LIM-H-J" time="0.433">
  <properties/>
  <testcase name="contextLoads()" classname="com.example.demo.BulletinBoardApplicationTests" time="0.433"/>
  <system-out><![CDATA[22:52:15.164 [Test worker] INFO org.springframework.test.context.support.AnnotationConfigContextLoaderUtils -- Could not detect default configuration classes for test class [com.example.demo.BulletinBoardApplicationTests]: BulletinBoardApplicationTests does not declare any static, non-private, non-final, nested classes annotated with @Configuration.
22:52:15.338 [Test worker] INFO org.springframework.boot.test.context.SpringBootTestContextBootstrapper -- Found @SpringBootConfiguration com.example.demo.BulletinBoardApplication for test class com.example.demo.BulletinBoardApplicationTests

  .   ____          _            __ _ _
 /\\ / ___'_ __ _ _(_)_ __  __ _ \ \ \ \
( ( )\___ | '_ | '_| | '_ \/ _` | \ \ \ \
 \\/  ___)| |_)| | | | | || (_| |  ) ) ) )
  '  |____| .__|_| |_|_| |_\__, | / / / /
 =========|_|==============|___/=/_/_/_/

 :: Spring Boot ::                (v4.0.1)

2026-01-26T22:52:15.959+09:00  INFO 13508 --- [bulletin_board] [    Test worker] c.e.demo.BulletinBoardApplicationTests   : Starting BulletinBoardApplicationTests using Java 17.0.16 with PID 13508 (started by dlagu in C:\Users\dlagu\OneDrive\바탕 화면\게시판-2\bulletin_board--develop\demo)
2026-01-26T22:52:15.966+09:00  INFO 13508 --- [bulletin_board] [    Test worker] c.e.demo.BulletinBoardApplicationTests   : No active profile set, falling back to 1 default profile: "default"
2026-01-26T22:52:17.401+09:00  INFO 13508 --- [bulletin_board] [    Test worker] .s.d.r.c.RepositoryConfigurationDelegate : Bootstrapping Spring Data JPA repositories in DEFAULT mode.
2026-01-26T22:52:17.482+09:00  INFO 13508 --- [bulletin_board] [    Test worker] .s.d.r.c.RepositoryConfigurationDelegate : Finished Spring Data repository scanning in 67 ms. Found 2 JPA repository interfaces.
2026-01-26T22:52:18.342+09:00  INFO 13508 --- [bulletin_board] [    Test worker] org.hibernate.orm.jpa                    : HHH008540: Processing PersistenceUnitInfo [name: default]
2026-01-26T22:52:18.485+09:00  INFO 13508 --- [bulletin_board] [    Test worker] org.hibernate.orm.core                   : HHH000001: Hibernate ORM core version 7.2.0.Final
2026-01-26T22:52:19.364+09:00  INFO 13508 --- [bulletin_board] [    Test worker] o.s.o.j.p.SpringPersistenceUnitInfo      : No LoadTimeWeaver setup: ignoring JPA class transformer
2026-01-26T22:52:19.393+09:00  INFO 13508 --- [bulletin_board] [    Test worker] com.zaxxer.hikari.HikariDataSource       : HikariPool-1 - Starting...
2026-01-26T22:52:19.863+09:00  INFO 13508 --- [bulletin_board] [    Test worker] com.zaxxer.hikari.pool.HikariPool        : HikariPool-1 - Added connection com.mysql.cj.jdbc.ConnectionImpl@4229b92c
2026-01-26T22:52:19.866+09:00  INFO 13508 --- [bulletin_board] [    Test worker] com.zaxxer.hikari.HikariDataSource       : HikariPool-1 - Start completed.
2026-01-26T22:52:20.011+09:00  WARN 13508 --- [bulletin_board] [    Test worker] org.hibernate.orm.deprecation            : HHH90000025: MySQLDialect does not need to be specified explicitly using 'hibernate.dialect' (remove the property setting and it will be selected by default)
2026-01-26T22:52:20.059+09:00  INFO 13508 --- [bulletin_board] [    Test worker] org.hibernate.orm.connections.pooling    : HHH10001005: Database info:
	Database JDBC URL [jdbc:mysql://bulletinboardapplication.ch4eqyyo4wfz.ap-northeast-2.rds.amazonaws.com/bulletinboardapplication?useSSL=false&serverTimezone=Asia/Seoul]
	Database driver: MySQL Connector/J
	Database dialect: MySQLDialect
	Database version: 8.0.43
	Default catalog/schema: bulletinboardapplication/undefined
	Autocommit mode: undefined/unknown
	Isolation level: REPEATABLE_READ [default REPEATABLE_READ]
	JDBC fetch size: none
	Pool: DataSourceConnectionProvider
	Minimum pool size: undefined/unknown
	Maximum pool size: undefined/unknown
2026-01-26T22:52:21.080+09:00  INFO 13508 --- [bulletin_board] [    Test worker] org.hibernate.orm.core                   : HHH000489: No JTA platform available (set 'hibernate.transaction.jta.platform' to enable JTA platform integration)
2026-01-26T22:52:21.300+09:00  INFO 13508 --- [bulletin_board] [    Test worker] j.LocalContainerEntityManagerFactoryBean : Initialized JPA EntityManagerFactory for persistence unit 'default'
2026-01-26T22:52:21.456+09:00  INFO 13508 --- [bulletin_board] [    Test worker] o.s.d.j.r.query.QueryEnhancerFactories   : Hibernate is in classpath; If applicable, HQL parser will be used.
2026-01-26T22:52:22.289+09:00  WARN 13508 --- [bulletin_board] [    Test worker] JpaBaseConfiguration$JpaWebConfiguration : spring.jpa.open-in-view is enabled by default. Therefore, database queries may be performed during view rendering. Explicitly configure spring.jpa.open-in-view to disable this warning
2026-01-26T22:52:22.792+09:00  INFO 13508 --- [bulletin_board] [    Test worker] r$InitializeUserDetailsManagerConfigurer : Global AuthenticationManager configured with UserDetailsService bean with name myUserDetailsService
2026-01-26T22:52:23.555+09:00  INFO 13508 --- [bulletin_board] [    Test worker] o.s.b.w.a.WelcomePageHandlerMapping      : Adding welcome page: class path resource [static/index.html]
2026-01-26T22:52:23.626+09:00  INFO 13508 --- [bulletin_board] [    Test worker] o.s.v.b.OptionalValidatorFactoryBean     : Failed to set up a Bean Validation provider: jakarta.validation.NoProviderFoundException: Unable to create a Configuration, because no Jakarta Validation provider could be found. Add a provider like Hibernate Validator (RI) to your classpath.
2026-01-26T22:52:24.836+09:00  INFO 13508 --- [bulletin_board] [    Test worker] c.e.demo.BulletinBoardApplicationTests   : Started BulletinBoardApplicationTests in 9.302 seconds (process running for 11.076)
]]></system-out>
  <system-err><![CDATA[]]></system-err>
</testsuite>
