<?xml version="1.0" encoding="UTF-8"?>
<testsuite name="com.example.demo.BulletinBoardApplicationTests" tests="1" skipped="0" failures="0" errors="0" timestamp="2026-01-28T10:25:24.019Z" hostname="LIM-H-J" time="0.654">
  <properties/>
  <testcase name="contextLoads()" classname="com.example.demo.BulletinBoardApplicationTests" time="0.654"/>
  <system-out><![CDATA[19:25:15.724 [Test worker] INFO org.springframework.test.context.support.AnnotationConfigContextLoaderUtils -- Could not detect default configuration classes for test class [com.example.demo.BulletinBoardApplicationTests]: BulletinBoardApplicationTests does not declare any static, non-private, non-final, nested classes annotated with @Configuration.
19:25:15.879 [Test worker] INFO org.springframework.boot.test.context.SpringBootTestContextBootstrapper -- Found @SpringBootConfiguration com.example.demo.BulletinBoardApplication for test class com.example.demo.BulletinBoardApplicationTests

  .   ____          _            __ _ _
 /\\ / ___'_ __ _ _(_)_ __  __ _ \ \ \ \
( ( )\___ | '_ | '_| | '_ \/ _` | \ \ \ \
 \\/  ___)| |_)| | | | | || (_| |  ) ) ) )
  '  |____| .__|_| |_|_| |_\__, | / / / /
 =========|_|==============|___/=/_/_/_/

 :: Spring Boot ::                (v4.0.1)

2026-01-28T19:25:16.584+09:00  INFO 46384 --- [bulletin_board] [    Test worker] c.e.demo.BulletinBoardApplicationTests   : Starting BulletinBoardApplicationTests using Java 17.0.16 with PID 46384 (started by dlagu in C:\Users\dlagu\OneDrive\바탕 화면\게시판-2\bulletin_board--develop\demo)
2026-01-28T19:25:16.590+09:00  INFO 46384 --- [bulletin_board] [    Test worker] c.e.demo.BulletinBoardApplicationTests   : No active profile set, falling back to 1 default profile: "default"
2026-01-28T19:25:18.081+09:00  INFO 46384 --- [bulletin_board] [    Test worker] .s.d.r.c.RepositoryConfigurationDelegate : Bootstrapping Spring Data JPA repositories in DEFAULT mode.
2026-01-28T19:25:18.178+09:00  INFO 46384 --- [bulletin_board] [    Test worker] .s.d.r.c.RepositoryConfigurationDelegate : Finished Spring Data repository scanning in 74 ms. Found 2 JPA repository interfaces.
2026-01-28T19:25:19.030+09:00  INFO 46384 --- [bulletin_board] [    Test worker] org.hibernate.orm.jpa                    : HHH008540: Processing PersistenceUnitInfo [name: default]
2026-01-28T19:25:19.165+09:00  INFO 46384 --- [bulletin_board] [    Test worker] org.hibernate.orm.core                   : HHH000001: Hibernate ORM core version 7.2.0.Final
2026-01-28T19:25:19.965+09:00  INFO 46384 --- [bulletin_board] [    Test worker] o.s.o.j.p.SpringPersistenceUnitInfo      : No LoadTimeWeaver setup: ignoring JPA class transformer
2026-01-28T19:25:19.996+09:00  INFO 46384 --- [bulletin_board] [    Test worker] com.zaxxer.hikari.HikariDataSource       : HikariPool-1 - Starting...
2026-01-28T19:25:20.159+09:00  INFO 46384 --- [bulletin_board] [    Test worker] com.zaxxer.hikari.pool.HikariPool        : HikariPool-1 - Added connection com.mysql.cj.jdbc.ConnectionImpl@4229b92c
2026-01-28T19:25:20.162+09:00  INFO 46384 --- [bulletin_board] [    Test worker] com.zaxxer.hikari.HikariDataSource       : HikariPool-1 - Start completed.
2026-01-28T19:25:20.208+09:00  WARN 46384 --- [bulletin_board] [    Test worker] org.hibernate.orm.deprecation            : HHH90000025: MySQLDialect does not need to be specified explicitly using 'hibernate.dialect' (remove the property setting and it will be selected by default)
2026-01-28T19:25:20.223+09:00  INFO 46384 --- [bulletin_board] [    Test worker] org.hibernate.orm.connections.pooling    : HHH10001005: Database info:
	Database JDBC URL [jdbc:mysql://localhost:3306/bulletinboardapplication?useSSL=false&allowPublicKeyRetrieval=true]
	Database driver: MySQL Connector/J
	Database dialect: MySQLDialect
	Database version: 8.0.45
	Default catalog/schema: bulletinboardapplication/undefined
	Autocommit mode: undefined/unknown
	Isolation level: REPEATABLE_READ [default REPEATABLE_READ]
	JDBC fetch size: none
	Pool: DataSourceConnectionProvider
	Minimum pool size: undefined/unknown
	Maximum pool size: undefined/unknown
2026-01-28T19:25:21.312+09:00  INFO 46384 --- [bulletin_board] [    Test worker] org.hibernate.orm.core                   : HHH000489: No JTA platform available (set 'hibernate.transaction.jta.platform' to enable JTA platform integration)
2026-01-28T19:25:21.407+09:00  INFO 46384 --- [bulletin_board] [    Test worker] j.LocalContainerEntityManagerFactoryBean : Initialized JPA EntityManagerFactory for persistence unit 'default'
2026-01-28T19:25:21.594+09:00  INFO 46384 --- [bulletin_board] [    Test worker] o.s.d.j.r.query.QueryEnhancerFactories   : Hibernate is in classpath; If applicable, HQL parser will be used.
2026-01-28T19:25:22.306+09:00  WARN 46384 --- [bulletin_board] [    Test worker] JpaBaseConfiguration$JpaWebConfiguration : spring.jpa.open-in-view is enabled by default. Therefore, database queries may be performed during view rendering. Explicitly configure spring.jpa.open-in-view to disable this warning
2026-01-28T19:25:22.683+09:00  INFO 46384 --- [bulletin_board] [    Test worker] r$InitializeUserDetailsManagerConfigurer : Global AuthenticationManager configured with UserDetailsService bean with name myUserDetailsService
2026-01-28T19:25:23.196+09:00  INFO 46384 --- [bulletin_board] [    Test worker] o.s.v.b.OptionalValidatorFactoryBean     : Failed to set up a Bean Validation provider: jakarta.validation.NoProviderFoundException: Unable to create a Configuration, because no Jakarta Validation provider could be found. Add a provider like Hibernate Validator (RI) to your classpath.
2026-01-28T19:25:23.910+09:00  INFO 46384 --- [bulletin_board] [    Test worker] c.e.demo.BulletinBoardApplicationTests   : Started BulletinBoardApplicationTests in 7.834 seconds (process running for 9.804)
]]></system-out>
  <system-err><![CDATA[]]></system-err>
</testsuite>
